{"/home/monke/frontend-project-46/src/index.js": {"path":"/home/monke/frontend-project-46/src/index.js","all":false,"statementMap":{"0":{"start":{"line":1,"column":0},"end":{"line":1,"column":30}},"1":{"start":{"line":2,"column":0},"end":{"line":2,"column":24}},"2":{"start":{"line":3,"column":0},"end":{"line":3,"column":23}},"3":{"start":{"line":4,"column":0},"end":{"line":4,"column":0}},"4":{"start":{"line":5,"column":0},"end":{"line":5,"column":43}},"5":{"start":{"line":6,"column":0},"end":{"line":6,"column":63}},"6":{"start":{"line":7,"column":0},"end":{"line":7,"column":49}},"7":{"start":{"line":8,"column":0},"end":{"line":8,"column":35}},"8":{"start":{"line":9,"column":0},"end":{"line":9,"column":13}},"9":{"start":{"line":10,"column":0},"end":{"line":10,"column":2}},"10":{"start":{"line":11,"column":0},"end":{"line":11,"column":0}},"11":{"start":{"line":12,"column":0},"end":{"line":12,"column":39}},"12":{"start":{"line":13,"column":0},"end":{"line":13,"column":37}},"13":{"start":{"line":14,"column":0},"end":{"line":14,"column":37}},"14":{"start":{"line":15,"column":0},"end":{"line":15,"column":48}},"15":{"start":{"line":16,"column":0},"end":{"line":16,"column":40}},"16":{"start":{"line":17,"column":0},"end":{"line":17,"column":27}},"17":{"start":{"line":18,"column":0},"end":{"line":18,"column":2}},"18":{"start":{"line":19,"column":0},"end":{"line":19,"column":0}},"19":{"start":{"line":20,"column":0},"end":{"line":20,"column":33}},"20":{"start":{"line":21,"column":0},"end":{"line":21,"column":47}},"21":{"start":{"line":22,"column":0},"end":{"line":22,"column":51}},"22":{"start":{"line":23,"column":0},"end":{"line":23,"column":23}},"23":{"start":{"line":24,"column":0},"end":{"line":24,"column":36}},"24":{"start":{"line":25,"column":0},"end":{"line":25,"column":46}},"25":{"start":{"line":26,"column":0},"end":{"line":26,"column":43}},"26":{"start":{"line":27,"column":0},"end":{"line":27,"column":46}},"27":{"start":{"line":28,"column":0},"end":{"line":28,"column":41}},"28":{"start":{"line":29,"column":0},"end":{"line":29,"column":46}},"29":{"start":{"line":30,"column":0},"end":{"line":30,"column":41}},"30":{"start":{"line":31,"column":0},"end":{"line":31,"column":46}},"31":{"start":{"line":32,"column":0},"end":{"line":32,"column":46}},"32":{"start":{"line":33,"column":0},"end":{"line":33,"column":5}},"33":{"start":{"line":34,"column":0},"end":{"line":34,"column":18}},"34":{"start":{"line":35,"column":0},"end":{"line":35,"column":9}},"35":{"start":{"line":36,"column":0},"end":{"line":36,"column":47}},"36":{"start":{"line":37,"column":0},"end":{"line":37,"column":14}},"37":{"start":{"line":38,"column":0},"end":{"line":38,"column":2}},"38":{"start":{"line":39,"column":0},"end":{"line":39,"column":0}},"39":{"start":{"line":40,"column":0},"end":{"line":40,"column":38}}},"s":{"0":1,"1":1,"2":1,"3":1,"4":1,"5":1,"6":1,"7":1,"8":1,"9":1,"10":1,"11":1,"12":6,"13":6,"14":6,"15":6,"16":6,"17":6,"18":1,"19":1,"20":6,"21":6,"22":12,"23":12,"24":3,"25":12,"26":3,"27":9,"28":5,"29":6,"30":1,"31":1,"32":1,"33":12,"34":6,"35":6,"36":6,"37":6,"38":1,"39":1},"branchMap":{"0":{"type":"branch","line":5,"loc":{"start":{"line":5,"column":27},"end":{"line":10,"column":2}},"locations":[{"start":{"line":5,"column":27},"end":{"line":10,"column":2}}]},"1":{"type":"branch","line":12,"loc":{"start":{"line":12,"column":22},"end":{"line":18,"column":2}},"locations":[{"start":{"line":12,"column":22},"end":{"line":18,"column":2}}]},"2":{"type":"branch","line":20,"loc":{"start":{"line":20,"column":16},"end":{"line":38,"column":2}},"locations":[{"start":{"line":20,"column":16},"end":{"line":38,"column":2}}]},"3":{"type":"branch","line":22,"loc":{"start":{"line":22,"column":36},"end":{"line":35,"column":3}},"locations":[{"start":{"line":22,"column":36},"end":{"line":35,"column":3}}]},"4":{"type":"branch","line":24,"loc":{"start":{"line":24,"column":35},"end":{"line":26,"column":5}},"locations":[{"start":{"line":24,"column":35},"end":{"line":26,"column":5}}]},"5":{"type":"branch","line":26,"loc":{"start":{"line":26,"column":5},"end":{"line":33,"column":5}},"locations":[{"start":{"line":26,"column":5},"end":{"line":33,"column":5}}]},"6":{"type":"branch","line":26,"loc":{"start":{"line":26,"column":42},"end":{"line":28,"column":5}},"locations":[{"start":{"line":26,"column":42},"end":{"line":28,"column":5}}]},"7":{"type":"branch","line":28,"loc":{"start":{"line":28,"column":5},"end":{"line":33,"column":5}},"locations":[{"start":{"line":28,"column":5},"end":{"line":33,"column":5}}]},"8":{"type":"branch","line":28,"loc":{"start":{"line":28,"column":40},"end":{"line":30,"column":5}},"locations":[{"start":{"line":28,"column":40},"end":{"line":30,"column":5}}]},"9":{"type":"branch","line":30,"loc":{"start":{"line":30,"column":5},"end":{"line":33,"column":5}},"locations":[{"start":{"line":30,"column":5},"end":{"line":33,"column":5}}]}},"b":{"0":[1],"1":[6],"2":[6],"3":[12],"4":[3],"5":[9],"6":[3],"7":[6],"8":[5],"9":[1]},"fnMap":{"0":{"name":"parseJsonFromPath","decl":{"start":{"line":5,"column":27},"end":{"line":10,"column":2}},"loc":{"start":{"line":5,"column":27},"end":{"line":10,"column":2}},"line":5},"1":{"name":"getUniqueKeys","decl":{"start":{"line":12,"column":22},"end":{"line":18,"column":2}},"loc":{"start":{"line":12,"column":22},"end":{"line":18,"column":2}},"line":12},"2":{"name":"genDiff","decl":{"start":{"line":20,"column":16},"end":{"line":38,"column":2}},"loc":{"start":{"line":20,"column":16},"end":{"line":38,"column":2}},"line":20}},"f":{"0":1,"1":6,"2":6}}
}
