TN:
SF:../src/index.js
FN:5,parseJsonFromPath
FN:12,getUniqueKeys
FN:20,genDiff
FNF:3
FNH:3
FNDA:1,parseJsonFromPath
FNDA:6,getUniqueKeys
FNDA:6,genDiff
DA:1,1
DA:2,1
DA:3,1
DA:4,1
DA:5,1
DA:6,1
DA:7,1
DA:8,1
DA:9,1
DA:10,1
DA:11,1
DA:12,1
DA:13,6
DA:14,6
DA:15,6
DA:16,6
DA:17,6
DA:18,6
DA:19,1
DA:20,1
DA:21,6
DA:22,6
DA:23,12
DA:24,12
DA:25,3
DA:26,12
DA:27,3
DA:28,9
DA:29,5
DA:30,6
DA:31,1
DA:32,1
DA:33,1
DA:34,12
DA:35,6
DA:36,6
DA:37,6
DA:38,6
DA:39,1
DA:40,1
LF:40
LH:40
BRDA:5,0,0,1
BRDA:12,1,0,6
BRDA:20,2,0,6
BRDA:22,3,0,12
BRDA:24,4,0,3
BRDA:26,5,0,9
BRDA:26,6,0,3
BRDA:28,7,0,6
BRDA:28,8,0,5
BRDA:30,9,0,1
BRF:10
BRH:10
end_of_record
